<?xml version="1.0" encoding="UTF-8"?>
<!-- Generated by org.testng.reporters.JUnitReportReporter -->
<testsuite hostname="HYDPCM364985L" failures="0" tests="1" name="baseTest.Basetest" time="0.843" errors="0" timestamp="2023-09-25T14:53:56 IST" skipped="0">
  <testcase classname="baseTest.Basetest" name="baseTest" time="0.843"/>
  <system-out/>
</testsuite> <!-- baseTest.Basetest -->
