<?xml version="1.0" encoding="UTF-8"?>
<!-- Generated by org.testng.reporters.JUnitReportReporter -->
<testsuite hostname="HYDPCM364985L" failures="0" tests="1" name="getApi.getUsers" time="2.834" errors="0" timestamp="2023-09-29T17:21:23 IST" skipped="0">
  <testcase classname="getApi.getUsers" name="getListOfUsers" time="2.834"/>
  <system-out/>
</testsuite> <!-- getApi.getUsers -->
